2021-07-28T12:37:06+00:00 CRITICAL syntax error, unexpected ';', expecting ')' in /var/www/vhosts/hosting145815.a2e97.netcup.net/marlutedev/wp-content/themes/marlute/functions.php in Zeile 145

2021-07-28T12:43:12+00:00 CRITICAL Uncaught Error: Call to a member function get_rates() on null in /var/www/vhosts/hosting145815.a2e97.netcup.net/marlutedev/wp-content/themes/marlute/functions.php:145
Stack trace:
#0 /var/www/vhosts/hosting145815.a2e97.netcup.net/marlutedev/wp-content/themes/marlute/functions.php(134): woocommerce_get_product_thumbnail()
#1 /var/www/vhosts/hosting145815.a2e97.netcup.net/marlutedev/wp-includes/class-wp-hook.php(303): woocommerce_template_loop_product_thumbnail('')
#2 /var/www/vhosts/hosting145815.a2e97.netcup.net/marlutedev/wp-includes/class-wp-hook.php(327): WP_Hook->apply_filters(NULL, Array)
#3 /var/www/vhosts/hosting145815.a2e97.netcup.net/marlutedev/wp-includes/plugin.php(470): WP_Hook->do_action(Array)
#4 /var/www/vhosts/hosting145815.a2e97.netcup.net/marlutedev/wp-content/plugins/woocommerce/templates/content-product.php(61): do_action('woocommerce_bef...')
#5 /var/www/vhosts/hosting145815.a2e97.netcup.net/marlutedev/wp-includes/template.php(772): require('/var/www/vhosts...')
#6 /var/www/vhosts/hosting in /var/www/vhosts/hosting145815.a2e97.netcup.net/marlutedev/wp-content/themes/marlute/functions.php in Zeile 145

2021-07-28T12:43:32+00:00 CRITICAL Uncaught Error: Call to a member function get_rates() on null in /var/www/vhosts/hosting145815.a2e97.netcup.net/marlutedev/wp-content/themes/marlute/functions.php:145
Stack trace:
#0 /var/www/vhosts/hosting145815.a2e97.netcup.net/marlutedev/wp-content/themes/marlute/functions.php(134): woocommerce_get_product_thumbnail()
#1 /var/www/vhosts/hosting145815.a2e97.netcup.net/marlutedev/wp-includes/class-wp-hook.php(303): woocommerce_template_loop_product_thumbnail('')
#2 /var/www/vhosts/hosting145815.a2e97.netcup.net/marlutedev/wp-includes/class-wp-hook.php(327): WP_Hook->apply_filters(NULL, Array)
#3 /var/www/vhosts/hosting145815.a2e97.netcup.net/marlutedev/wp-includes/plugin.php(470): WP_Hook->do_action(Array)
#4 /var/www/vhosts/hosting145815.a2e97.netcup.net/marlutedev/wp-content/plugins/woocommerce/templates/content-product.php(61): do_action('woocommerce_bef...')
#5 /var/www/vhosts/hosting145815.a2e97.netcup.net/marlutedev/wp-includes/template.php(772): require('/var/www/vhosts...')
#6 /var/www/vhosts/hosting in /var/www/vhosts/hosting145815.a2e97.netcup.net/marlutedev/wp-content/themes/marlute/functions.php in Zeile 145

2021-07-28T12:43:56+00:00 CRITICAL Uncaught Error: Call to a member function get_rates() on null in /var/www/vhosts/hosting145815.a2e97.netcup.net/marlutedev/wp-content/themes/marlute/functions.php:145
Stack trace:
#0 /var/www/vhosts/hosting145815.a2e97.netcup.net/marlutedev/wp-content/themes/marlute/functions.php(134): woocommerce_get_product_thumbnail()
#1 /var/www/vhosts/hosting145815.a2e97.netcup.net/marlutedev/wp-includes/class-wp-hook.php(303): woocommerce_template_loop_product_thumbnail('')
#2 /var/www/vhosts/hosting145815.a2e97.netcup.net/marlutedev/wp-includes/class-wp-hook.php(327): WP_Hook->apply_filters(NULL, Array)
#3 /var/www/vhosts/hosting145815.a2e97.netcup.net/marlutedev/wp-includes/plugin.php(470): WP_Hook->do_action(Array)
#4 /var/www/vhosts/hosting145815.a2e97.netcup.net/marlutedev/wp-content/plugins/woocommerce/templates/content-product.php(61): do_action('woocommerce_bef...')
#5 /var/www/vhosts/hosting145815.a2e97.netcup.net/marlutedev/wp-includes/template.php(772): require('/var/www/vhosts...')
#6 /var/www/vhosts/hosting in /var/www/vhosts/hosting145815.a2e97.netcup.net/marlutedev/wp-content/themes/marlute/functions.php in Zeile 145

2021-07-28T12:44:01+00:00 CRITICAL Uncaught Error: Call to a member function get_rates() on null in /var/www/vhosts/hosting145815.a2e97.netcup.net/marlutedev/wp-content/themes/marlute/functions.php:145
Stack trace:
#0 /var/www/vhosts/hosting145815.a2e97.netcup.net/marlutedev/wp-content/themes/marlute/functions.php(134): woocommerce_get_product_thumbnail()
#1 /var/www/vhosts/hosting145815.a2e97.netcup.net/marlutedev/wp-includes/class-wp-hook.php(303): woocommerce_template_loop_product_thumbnail('')
#2 /var/www/vhosts/hosting145815.a2e97.netcup.net/marlutedev/wp-includes/class-wp-hook.php(327): WP_Hook->apply_filters(NULL, Array)
#3 /var/www/vhosts/hosting145815.a2e97.netcup.net/marlutedev/wp-includes/plugin.php(470): WP_Hook->do_action(Array)
#4 /var/www/vhosts/hosting145815.a2e97.netcup.net/marlutedev/wp-content/plugins/woocommerce/templates/content-product.php(61): do_action('woocommerce_bef...')
#5 /var/www/vhosts/hosting145815.a2e97.netcup.net/marlutedev/wp-includes/template.php(772): require('/var/www/vhosts...')
#6 /var/www/vhosts/hosting in /var/www/vhosts/hosting145815.a2e97.netcup.net/marlutedev/wp-content/themes/marlute/functions.php in Zeile 145

2021-07-28T13:21:36+00:00 CRITICAL syntax error, unexpected '$output' (T_VARIABLE) in /var/www/vhosts/hosting145815.a2e97.netcup.net/marlutedev/wp-content/themes/marlute/functions.php in Zeile 147

2021-07-28T13:21:47+00:00 CRITICAL syntax error, unexpected '$output' (T_VARIABLE) in /var/www/vhosts/hosting145815.a2e97.netcup.net/marlutedev/wp-content/themes/marlute/functions.php in Zeile 147

2021-07-28T13:34:58+00:00 CRITICAL syntax error, unexpected '.' in /var/www/vhosts/hosting145815.a2e97.netcup.net/marlutedev/wp-content/themes/marlute/functions.php in Zeile 148

2021-07-28T13:35:08+00:00 CRITICAL syntax error, unexpected ''</div></br>'' (T_CONSTANT_ENCAPSED_STRING) in /var/www/vhosts/hosting145815.a2e97.netcup.net/marlutedev/wp-content/themes/marlute/functions.php in Zeile 148

2021-07-28T14:54:36+00:00 CRITICAL syntax error, unexpected '$output' (T_VARIABLE) in /var/www/vhosts/hosting145815.a2e97.netcup.net/marlutedev/wp-content/themes/marlute/functions.php in Zeile 148

2021-07-28T15:08:53+00:00 CRITICAL Uncaught Error: Call to undefined function get_tax_class() in /var/www/vhosts/hosting145815.a2e97.netcup.net/marlutedev/wp-content/themes/marlute/functions.php:147
Stack trace:
#0 /var/www/vhosts/hosting145815.a2e97.netcup.net/marlutedev/wp-content/themes/marlute/functions.php(135): woocommerce_get_product_thumbnail()
#1 /var/www/vhosts/hosting145815.a2e97.netcup.net/marlutedev/wp-includes/class-wp-hook.php(303): woocommerce_template_loop_product_thumbnail('')
#2 /var/www/vhosts/hosting145815.a2e97.netcup.net/marlutedev/wp-includes/class-wp-hook.php(327): WP_Hook->apply_filters(NULL, Array)
#3 /var/www/vhosts/hosting145815.a2e97.netcup.net/marlutedev/wp-includes/plugin.php(470): WP_Hook->do_action(Array)
#4 /var/www/vhosts/hosting145815.a2e97.netcup.net/marlutedev/wp-content/plugins/woocommerce/templates/content-product.php(61): do_action('woocommerce_bef...')
#5 /var/www/vhosts/hosting145815.a2e97.netcup.net/marlutedev/wp-includes/template.php(772): require('/var/www/vhosts...')
#6 /var/www/vhosts/hosting145 in /var/www/vhosts/hosting145815.a2e97.netcup.net/marlutedev/wp-content/themes/marlute/functions.php in Zeile 147

2021-07-28T15:09:17+00:00 CRITICAL Uncaught Error: Call to undefined function get_tax_class() in /var/www/vhosts/hosting145815.a2e97.netcup.net/marlutedev/wp-content/themes/marlute/functions.php:147
Stack trace:
#0 /var/www/vhosts/hosting145815.a2e97.netcup.net/marlutedev/wp-content/themes/marlute/functions.php(135): woocommerce_get_product_thumbnail()
#1 /var/www/vhosts/hosting145815.a2e97.netcup.net/marlutedev/wp-includes/class-wp-hook.php(303): woocommerce_template_loop_product_thumbnail('')
#2 /var/www/vhosts/hosting145815.a2e97.netcup.net/marlutedev/wp-includes/class-wp-hook.php(327): WP_Hook->apply_filters(NULL, Array)
#3 /var/www/vhosts/hosting145815.a2e97.netcup.net/marlutedev/wp-includes/plugin.php(470): WP_Hook->do_action(Array)
#4 /var/www/vhosts/hosting145815.a2e97.netcup.net/marlutedev/wp-content/plugins/woocommerce/templates/content-product.php(61): do_action('woocommerce_bef...')
#5 /var/www/vhosts/hosting145815.a2e97.netcup.net/marlutedev/wp-includes/template.php(772): require('/var/www/vhosts...')
#6 /var/www/vhosts/hosting145 in /var/www/vhosts/hosting145815.a2e97.netcup.net/marlutedev/wp-content/themes/marlute/functions.php in Zeile 147

2021-07-28T15:10:03+00:00 CRITICAL Uncaught Error: Call to undefined function get_tax_class() in /var/www/vhosts/hosting145815.a2e97.netcup.net/marlutedev/wp-content/themes/marlute/functions.php:147
Stack trace:
#0 /var/www/vhosts/hosting145815.a2e97.netcup.net/marlutedev/wp-content/themes/marlute/functions.php(135): woocommerce_get_product_thumbnail()
#1 /var/www/vhosts/hosting145815.a2e97.netcup.net/marlutedev/wp-includes/class-wp-hook.php(303): woocommerce_template_loop_product_thumbnail('')
#2 /var/www/vhosts/hosting145815.a2e97.netcup.net/marlutedev/wp-includes/class-wp-hook.php(327): WP_Hook->apply_filters(NULL, Array)
#3 /var/www/vhosts/hosting145815.a2e97.netcup.net/marlutedev/wp-includes/plugin.php(470): WP_Hook->do_action(Array)
#4 /var/www/vhosts/hosting145815.a2e97.netcup.net/marlutedev/wp-content/plugins/woocommerce/templates/content-product.php(61): do_action('woocommerce_bef...')
#5 /var/www/vhosts/hosting145815.a2e97.netcup.net/marlutedev/wp-includes/template.php(772): require('/var/www/vhosts...')
#6 /var/www/vhosts/hosting145 in /var/www/vhosts/hosting145815.a2e97.netcup.net/marlutedev/wp-content/themes/marlute/functions.php in Zeile 147

2021-07-28T17:19:00+00:00 CRITICAL syntax error, unexpected '.' in /var/www/vhosts/hosting145815.a2e97.netcup.net/marlutedev/wp-content/themes/marlute/functions.php in Zeile 151

