2021-06-11T13:59:04+00:00 CRITICAL Uncaught Error: Call to undefined function wp_get_cart_url() in C:\xampp\htdocs\marlute\wp-content\themes\marlute\header.php:53
Stack trace:
#0 C:\xampp\htdocs\marlute\wp-includes\template.php(730): require_once()
#1 C:\xampp\htdocs\marlute\wp-includes\template.php(676): load_template('C:\\xampp\\htdocs...', true, Array)
#2 C:\xampp\htdocs\marlute\wp-includes\general-template.php(48): locate_template(Array, true, true, Array)
#3 C:\xampp\htdocs\marlute\wp-content\themes\marlute\page.php(6): get_header()
#4 C:\xampp\htdocs\marlute\wp-includes\template-loader.php(106): include('C:\\xampp\\htdocs...')
#5 C:\xampp\htdocs\marlute\wp-blog-header.php(19): require_once('C:\\xampp\\htdocs...')
#6 C:\xampp\htdocs\marlute\index.php(17): require('C:\\xampp\\htdocs...')
#7 {main}
  thrown in C:\xampp\htdocs\marlute\wp-content\themes\marlute\header.php on line 53

2021-06-11T13:59:09+00:00 CRITICAL Uncaught Error: Call to undefined function wp_get_cart_url() in C:\xampp\htdocs\marlute\wp-content\themes\marlute\header.php:53
Stack trace:
#0 C:\xampp\htdocs\marlute\wp-includes\template.php(730): require_once()
#1 C:\xampp\htdocs\marlute\wp-includes\template.php(676): load_template('C:\\xampp\\htdocs...', true, Array)
#2 C:\xampp\htdocs\marlute\wp-includes\general-template.php(48): locate_template(Array, true, true, Array)
#3 C:\xampp\htdocs\marlute\wp-content\themes\marlute\page.php(6): get_header()
#4 C:\xampp\htdocs\marlute\wp-includes\template-loader.php(106): include('C:\\xampp\\htdocs...')
#5 C:\xampp\htdocs\marlute\wp-blog-header.php(19): require_once('C:\\xampp\\htdocs...')
#6 C:\xampp\htdocs\marlute\index.php(17): require('C:\\xampp\\htdocs...')
#7 {main}
  thrown in C:\xampp\htdocs\marlute\wp-content\themes\marlute\header.php on line 53

2021-06-11T14:00:26+00:00 CRITICAL Uncaught Error: Call to undefined function wp_get_cart_url() in C:\xampp\htdocs\marlute\wp-content\themes\marlute\header.php:53
Stack trace:
#0 C:\xampp\htdocs\marlute\wp-includes\template.php(730): require_once()
#1 C:\xampp\htdocs\marlute\wp-includes\template.php(676): load_template('C:\\xampp\\htdocs...', true, Array)
#2 C:\xampp\htdocs\marlute\wp-includes\general-template.php(48): locate_template(Array, true, true, Array)
#3 C:\xampp\htdocs\marlute\wp-content\themes\marlute\page.php(6): get_header()
#4 C:\xampp\htdocs\marlute\wp-includes\template-loader.php(106): include('C:\\xampp\\htdocs...')
#5 C:\xampp\htdocs\marlute\wp-blog-header.php(19): require_once('C:\\xampp\\htdocs...')
#6 C:\xampp\htdocs\marlute\index.php(17): require('C:\\xampp\\htdocs...')
#7 {main}
  thrown in C:\xampp\htdocs\marlute\wp-content\themes\marlute\header.php on line 53

2021-06-11T14:00:27+00:00 CRITICAL Uncaught Error: Call to undefined function wp_get_cart_url() in C:\xampp\htdocs\marlute\wp-content\themes\marlute\header.php:53
Stack trace:
#0 C:\xampp\htdocs\marlute\wp-includes\template.php(730): require_once()
#1 C:\xampp\htdocs\marlute\wp-includes\template.php(676): load_template('C:\\xampp\\htdocs...', true, Array)
#2 C:\xampp\htdocs\marlute\wp-includes\general-template.php(48): locate_template(Array, true, true, Array)
#3 C:\xampp\htdocs\marlute\wp-content\themes\marlute\page.php(6): get_header()
#4 C:\xampp\htdocs\marlute\wp-includes\template-loader.php(106): include('C:\\xampp\\htdocs...')
#5 C:\xampp\htdocs\marlute\wp-blog-header.php(19): require_once('C:\\xampp\\htdocs...')
#6 C:\xampp\htdocs\marlute\index.php(17): require('C:\\xampp\\htdocs...')
#7 {main}
  thrown in C:\xampp\htdocs\marlute\wp-content\themes\marlute\header.php on line 53

