2021-07-10T15:22:46+00:00 CRITICAL Uncaught Error: Call to undefined function wc_gzd_get_hook_priority() in /var/www/vhosts/hosting145815.a2e97.netcup.net/marlutebackup2/wp-content/themes/marlute/functions.php:115
Stack trace:
#0 /var/www/vhosts/hosting145815.a2e97.netcup.net/marlutebackup2/wp-settings.php(528): include()
#1 /var/www/vhosts/hosting145815.a2e97.netcup.net/marlutebackup2/wp-config.php(166): require_once('/var/www/vhosts...')
#2 /var/www/vhosts/hosting145815.a2e97.netcup.net/marlutebackup2/wp-load.php(37): require_once('/var/www/vhosts...')
#3 /var/www/vhosts/hosting145815.a2e97.netcup.net/marlutebackup2/wp-admin/admin.php(34): require_once('/var/www/vhosts...')
#4 /var/www/vhosts/hosting145815.a2e97.netcup.net/marlutebackup2/wp-admin/theme-editor.php(10): require_once('/var/www/vhosts...')
#5 {main}
  thrown in /var/www/vhosts/hosting145815.a2e97.netcup.net/marlutebackup2/wp-content/themes/marlute/functions.php in Zeile 115

2021-07-10T15:36:09+00:00 CRITICAL syntax error, unexpected ''</h2>' (T_CONSTANT_ENCAPSED_STRING), expecting ';' or ',' in /var/www/vhosts/hosting145815.a2e97.netcup.net/marlutebackup2/wp-content/themes/marlute/functions.php in Zeile 123

2021-07-10T15:48:45+00:00 CRITICAL syntax error, unexpected ''</h2>' (T_CONSTANT_ENCAPSED_STRING), expecting ';' or ',' in /var/www/vhosts/hosting145815.a2e97.netcup.net/marlutebackup2/wp-content/themes/marlute/functions.php in Zeile 123

2021-07-10T15:59:05+00:00 CRITICAL syntax error, unexpected ''</h2>' (T_CONSTANT_ENCAPSED_STRING), expecting ';' or ',' in /var/www/vhosts/hosting145815.a2e97.netcup.net/marlutebackup2/wp-content/themes/marlute/functions.php in Zeile 123

2021-07-10T16:32:59+00:00 CRITICAL syntax error, unexpected 'echo' (T_ECHO) in /var/www/vhosts/hosting145815.a2e97.netcup.net/marlutebackup2/wp-content/themes/marlute/functions.php in Zeile 132

2021-07-10T16:33:03+00:00 CRITICAL syntax error, unexpected 'echo' (T_ECHO) in /var/www/vhosts/hosting145815.a2e97.netcup.net/marlutebackup2/wp-content/themes/marlute/functions.php in Zeile 132

2021-07-10T16:33:03+00:00 CRITICAL syntax error, unexpected 'echo' (T_ECHO) in /var/www/vhosts/hosting145815.a2e97.netcup.net/marlutebackup2/wp-content/themes/marlute/functions.php in Zeile 132

2021-07-10T16:33:09+00:00 CRITICAL syntax error, unexpected 'echo' (T_ECHO) in /var/www/vhosts/hosting145815.a2e97.netcup.net/marlutebackup2/wp-content/themes/marlute/functions.php in Zeile 132

2021-07-10T16:33:14+00:00 CRITICAL syntax error, unexpected 'echo' (T_ECHO) in /var/www/vhosts/hosting145815.a2e97.netcup.net/marlutebackup2/wp-content/themes/marlute/functions.php in Zeile 132

2021-07-10T16:33:14+00:00 CRITICAL syntax error, unexpected 'echo' (T_ECHO) in /var/www/vhosts/hosting145815.a2e97.netcup.net/marlutebackup2/wp-content/themes/marlute/functions.php in Zeile 132

2021-07-10T16:33:18+00:00 CRITICAL syntax error, unexpected 'echo' (T_ECHO) in /var/www/vhosts/hosting145815.a2e97.netcup.net/marlutebackup2/wp-content/themes/marlute/functions.php in Zeile 132

2021-07-10T16:33:30+00:00 CRITICAL syntax error, unexpected 'echo' (T_ECHO) in /var/www/vhosts/hosting145815.a2e97.netcup.net/marlutebackup2/wp-content/themes/marlute/functions.php in Zeile 132

2021-07-10T16:33:30+00:00 CRITICAL syntax error, unexpected 'echo' (T_ECHO) in /var/www/vhosts/hosting145815.a2e97.netcup.net/marlutebackup2/wp-content/themes/marlute/functions.php in Zeile 132

2021-07-10T16:33:31+00:00 CRITICAL syntax error, unexpected 'echo' (T_ECHO) in /var/www/vhosts/hosting145815.a2e97.netcup.net/marlutebackup2/wp-content/themes/marlute/functions.php in Zeile 132

2021-07-10T16:33:32+00:00 CRITICAL syntax error, unexpected 'echo' (T_ECHO) in /var/www/vhosts/hosting145815.a2e97.netcup.net/marlutebackup2/wp-content/themes/marlute/functions.php in Zeile 132

2021-07-10T16:33:33+00:00 CRITICAL syntax error, unexpected 'echo' (T_ECHO) in /var/www/vhosts/hosting145815.a2e97.netcup.net/marlutebackup2/wp-content/themes/marlute/functions.php in Zeile 132

2021-07-10T16:33:33+00:00 CRITICAL syntax error, unexpected 'echo' (T_ECHO) in /var/www/vhosts/hosting145815.a2e97.netcup.net/marlutebackup2/wp-content/themes/marlute/functions.php in Zeile 132

2021-07-10T16:33:34+00:00 CRITICAL syntax error, unexpected 'echo' (T_ECHO) in /var/www/vhosts/hosting145815.a2e97.netcup.net/marlutebackup2/wp-content/themes/marlute/functions.php in Zeile 132

2021-07-10T16:33:34+00:00 CRITICAL syntax error, unexpected 'echo' (T_ECHO) in /var/www/vhosts/hosting145815.a2e97.netcup.net/marlutebackup2/wp-content/themes/marlute/functions.php in Zeile 132

2021-07-10T16:33:55+00:00 CRITICAL syntax error, unexpected 'echo' (T_ECHO) in /var/www/vhosts/hosting145815.a2e97.netcup.net/marlutebackup2/wp-content/themes/marlute/functions.php in Zeile 132

2021-07-10T16:33:56+00:00 CRITICAL syntax error, unexpected 'echo' (T_ECHO) in /var/www/vhosts/hosting145815.a2e97.netcup.net/marlutebackup2/wp-content/themes/marlute/functions.php in Zeile 132

2021-07-10T16:33:56+00:00 CRITICAL syntax error, unexpected 'echo' (T_ECHO) in /var/www/vhosts/hosting145815.a2e97.netcup.net/marlutebackup2/wp-content/themes/marlute/functions.php in Zeile 132

2021-07-10T16:33:57+00:00 CRITICAL syntax error, unexpected 'echo' (T_ECHO) in /var/www/vhosts/hosting145815.a2e97.netcup.net/marlutebackup2/wp-content/themes/marlute/functions.php in Zeile 132

2021-07-10T16:34:04+00:00 CRITICAL syntax error, unexpected 'echo' (T_ECHO) in /var/www/vhosts/hosting145815.a2e97.netcup.net/marlutebackup2/wp-content/themes/marlute/functions.php in Zeile 132

2021-07-10T16:34:18+00:00 CRITICAL syntax error, unexpected 'echo' (T_ECHO) in /var/www/vhosts/hosting145815.a2e97.netcup.net/marlutebackup2/wp-content/themes/marlute/functions.php in Zeile 132

2021-07-10T16:34:56+00:00 CRITICAL syntax error, unexpected 'echo' (T_ECHO) in /var/www/vhosts/hosting145815.a2e97.netcup.net/marlutebackup2/wp-content/themes/marlute/functions.php in Zeile 132

2021-07-10T16:35:57+00:00 CRITICAL syntax error, unexpected 'echo' (T_ECHO) in /var/www/vhosts/hosting145815.a2e97.netcup.net/marlutebackup2/wp-content/themes/marlute/functions.php in Zeile 132

2021-07-10T16:36:04+00:00 CRITICAL syntax error, unexpected 'echo' (T_ECHO) in /var/www/vhosts/hosting145815.a2e97.netcup.net/marlutebackup2/wp-content/themes/marlute/functions.php in Zeile 132

2021-07-10T16:36:29+00:00 CRITICAL syntax error, unexpected 'echo' (T_ECHO) in /var/www/vhosts/hosting145815.a2e97.netcup.net/marlutebackup2/wp-content/themes/marlute/functions.php in Zeile 132

2021-07-10T16:36:38+00:00 CRITICAL syntax error, unexpected 'echo' (T_ECHO) in /var/www/vhosts/hosting145815.a2e97.netcup.net/marlutebackup2/wp-content/themes/marlute/functions.php in Zeile 132

2021-07-10T16:36:53+00:00 CRITICAL syntax error, unexpected 'echo' (T_ECHO) in /var/www/vhosts/hosting145815.a2e97.netcup.net/marlutebackup2/wp-content/themes/marlute/functions.php in Zeile 132

2021-07-10T16:36:53+00:00 CRITICAL syntax error, unexpected 'echo' (T_ECHO) in /var/www/vhosts/hosting145815.a2e97.netcup.net/marlutebackup2/wp-content/themes/marlute/functions.php in Zeile 132

2021-07-10T16:36:54+00:00 CRITICAL syntax error, unexpected 'echo' (T_ECHO) in /var/www/vhosts/hosting145815.a2e97.netcup.net/marlutebackup2/wp-content/themes/marlute/functions.php in Zeile 132

2021-07-10T16:37:02+00:00 CRITICAL syntax error, unexpected 'echo' (T_ECHO) in /var/www/vhosts/hosting145815.a2e97.netcup.net/marlutebackup2/wp-content/themes/marlute/functions.php in Zeile 132

2021-07-10T16:37:29+00:00 CRITICAL syntax error, unexpected 'echo' (T_ECHO) in /var/www/vhosts/hosting145815.a2e97.netcup.net/marlutebackup2/wp-content/themes/marlute/functions.php in Zeile 132

2021-07-10T16:37:31+00:00 CRITICAL syntax error, unexpected 'echo' (T_ECHO) in /var/www/vhosts/hosting145815.a2e97.netcup.net/marlutebackup2/wp-content/themes/marlute/functions.php in Zeile 132

2021-07-10T16:37:57+00:00 CRITICAL syntax error, unexpected 'echo' (T_ECHO) in /var/www/vhosts/hosting145815.a2e97.netcup.net/marlutebackup2/wp-content/themes/marlute/functions.php in Zeile 132

2021-07-10T16:38:17+00:00 CRITICAL syntax error, unexpected 'echo' (T_ECHO) in /var/www/vhosts/hosting145815.a2e97.netcup.net/marlutebackup2/wp-content/themes/marlute/functions.php in Zeile 132

2021-07-10T16:38:29+00:00 CRITICAL syntax error, unexpected 'echo' (T_ECHO) in /var/www/vhosts/hosting145815.a2e97.netcup.net/marlutebackup2/wp-content/themes/marlute/functions.php in Zeile 132

2021-07-10T16:38:32+00:00 CRITICAL syntax error, unexpected 'echo' (T_ECHO) in /var/www/vhosts/hosting145815.a2e97.netcup.net/marlutebackup2/wp-content/themes/marlute/functions.php in Zeile 132

2021-07-10T16:38:32+00:00 CRITICAL syntax error, unexpected 'echo' (T_ECHO) in /var/www/vhosts/hosting145815.a2e97.netcup.net/marlutebackup2/wp-content/themes/marlute/functions.php in Zeile 132

2021-07-10T16:38:41+00:00 CRITICAL syntax error, unexpected 'echo' (T_ECHO) in /var/www/vhosts/hosting145815.a2e97.netcup.net/marlutebackup2/wp-content/themes/marlute/functions.php in Zeile 132

2021-07-10T16:38:45+00:00 CRITICAL syntax error, unexpected 'echo' (T_ECHO) in /var/www/vhosts/hosting145815.a2e97.netcup.net/marlutebackup2/wp-content/themes/marlute/functions.php in Zeile 132

2021-07-10T16:38:49+00:00 CRITICAL syntax error, unexpected 'echo' (T_ECHO) in /var/www/vhosts/hosting145815.a2e97.netcup.net/marlutebackup2/wp-content/themes/marlute/functions.php in Zeile 132

2021-07-10T16:39:02+00:00 CRITICAL syntax error, unexpected 'echo' (T_ECHO) in /var/www/vhosts/hosting145815.a2e97.netcup.net/marlutebackup2/wp-content/themes/marlute/functions.php in Zeile 132

2021-07-10T16:39:03+00:00 CRITICAL syntax error, unexpected 'echo' (T_ECHO) in /var/www/vhosts/hosting145815.a2e97.netcup.net/marlutebackup2/wp-content/themes/marlute/functions.php in Zeile 132

2021-07-10T16:39:04+00:00 CRITICAL syntax error, unexpected 'echo' (T_ECHO) in /var/www/vhosts/hosting145815.a2e97.netcup.net/marlutebackup2/wp-content/themes/marlute/functions.php in Zeile 132

2021-07-10T16:39:04+00:00 CRITICAL syntax error, unexpected 'echo' (T_ECHO) in /var/www/vhosts/hosting145815.a2e97.netcup.net/marlutebackup2/wp-content/themes/marlute/functions.php in Zeile 132

2021-07-10T16:39:40+00:00 CRITICAL syntax error, unexpected 'echo' (T_ECHO) in /var/www/vhosts/hosting145815.a2e97.netcup.net/marlutebackup2/wp-content/themes/marlute/functions.php in Zeile 132

2021-07-10T16:39:41+00:00 CRITICAL syntax error, unexpected 'echo' (T_ECHO) in /var/www/vhosts/hosting145815.a2e97.netcup.net/marlutebackup2/wp-content/themes/marlute/functions.php in Zeile 132

2021-07-10T16:40:00+00:00 CRITICAL syntax error, unexpected 'echo' (T_ECHO) in /var/www/vhosts/hosting145815.a2e97.netcup.net/marlutebackup2/wp-content/themes/marlute/functions.php in Zeile 132

2021-07-10T16:40:29+00:00 CRITICAL syntax error, unexpected 'echo' (T_ECHO) in /var/www/vhosts/hosting145815.a2e97.netcup.net/marlutebackup2/wp-content/themes/marlute/functions.php in Zeile 132

2021-07-10T16:40:34+00:00 CRITICAL syntax error, unexpected 'echo' (T_ECHO) in /var/www/vhosts/hosting145815.a2e97.netcup.net/marlutebackup2/wp-content/themes/marlute/functions.php in Zeile 132

2021-07-10T16:41:01+00:00 CRITICAL syntax error, unexpected 'echo' (T_ECHO) in /var/www/vhosts/hosting145815.a2e97.netcup.net/marlutebackup2/wp-content/themes/marlute/functions.php in Zeile 132

2021-07-10T16:41:34+00:00 CRITICAL syntax error, unexpected 'echo' (T_ECHO) in /var/www/vhosts/hosting145815.a2e97.netcup.net/marlutebackup2/wp-content/themes/marlute/functions.php in Zeile 132

2021-07-10T16:41:34+00:00 CRITICAL syntax error, unexpected 'echo' (T_ECHO) in /var/www/vhosts/hosting145815.a2e97.netcup.net/marlutebackup2/wp-content/themes/marlute/functions.php in Zeile 132

2021-07-10T16:41:35+00:00 CRITICAL syntax error, unexpected 'echo' (T_ECHO) in /var/www/vhosts/hosting145815.a2e97.netcup.net/marlutebackup2/wp-content/themes/marlute/functions.php in Zeile 132

2021-07-10T16:41:44+00:00 CRITICAL syntax error, unexpected 'echo' (T_ECHO) in /var/www/vhosts/hosting145815.a2e97.netcup.net/marlutebackup2/wp-content/themes/marlute/functions.php in Zeile 132

2021-07-10T16:41:56+00:00 CRITICAL syntax error, unexpected 'echo' (T_ECHO) in /var/www/vhosts/hosting145815.a2e97.netcup.net/marlutebackup2/wp-content/themes/marlute/functions.php in Zeile 132

2021-07-10T16:42:05+00:00 CRITICAL syntax error, unexpected 'echo' (T_ECHO) in /var/www/vhosts/hosting145815.a2e97.netcup.net/marlutebackup2/wp-content/themes/marlute/functions.php in Zeile 132

2021-07-10T16:42:08+00:00 CRITICAL syntax error, unexpected 'echo' (T_ECHO) in /var/www/vhosts/hosting145815.a2e97.netcup.net/marlutebackup2/wp-content/themes/marlute/functions.php in Zeile 132

2021-07-10T16:43:01+00:00 CRITICAL syntax error, unexpected 'echo' (T_ECHO) in /var/www/vhosts/hosting145815.a2e97.netcup.net/marlutebackup2/wp-content/themes/marlute/functions.php in Zeile 132

2021-07-10T16:43:06+00:00 CRITICAL syntax error, unexpected 'echo' (T_ECHO) in /var/www/vhosts/hosting145815.a2e97.netcup.net/marlutebackup2/wp-content/themes/marlute/functions.php in Zeile 132

2021-07-10T16:43:07+00:00 CRITICAL syntax error, unexpected 'echo' (T_ECHO) in /var/www/vhosts/hosting145815.a2e97.netcup.net/marlutebackup2/wp-content/themes/marlute/functions.php in Zeile 132

2021-07-10T16:43:14+00:00 CRITICAL syntax error, unexpected 'echo' (T_ECHO) in /var/www/vhosts/hosting145815.a2e97.netcup.net/marlutebackup2/wp-content/themes/marlute/functions.php in Zeile 132

2021-07-10T16:45:01+00:00 CRITICAL syntax error, unexpected 'echo' (T_ECHO) in /var/www/vhosts/hosting145815.a2e97.netcup.net/marlutebackup2/wp-content/themes/marlute/functions.php in Zeile 132

2021-07-10T16:45:31+00:00 CRITICAL syntax error, unexpected 'echo' (T_ECHO) in /var/www/vhosts/hosting145815.a2e97.netcup.net/marlutebackup2/wp-content/themes/marlute/functions.php in Zeile 132

2021-07-10T16:45:44+00:00 CRITICAL syntax error, unexpected 'echo' (T_ECHO) in /var/www/vhosts/hosting145815.a2e97.netcup.net/marlutebackup2/wp-content/themes/marlute/functions.php in Zeile 132

2021-07-10T16:46:12+00:00 CRITICAL syntax error, unexpected 'echo' (T_ECHO) in /var/www/vhosts/hosting145815.a2e97.netcup.net/marlutebackup2/wp-content/themes/marlute/functions.php in Zeile 132

2021-07-10T16:47:15+00:00 CRITICAL syntax error, unexpected 'echo' (T_ECHO) in /var/www/vhosts/hosting145815.a2e97.netcup.net/marlutebackup2/wp-content/themes/marlute/functions.php in Zeile 132

2021-07-10T16:49:11+00:00 CRITICAL syntax error, unexpected 'echo' (T_ECHO) in /var/www/vhosts/hosting145815.a2e97.netcup.net/marlutebackup2/wp-content/themes/marlute/functions.php in Zeile 132

2021-07-10T16:50:16+00:00 CRITICAL syntax error, unexpected 'echo' (T_ECHO) in /var/www/vhosts/hosting145815.a2e97.netcup.net/marlutebackup2/wp-content/themes/marlute/functions.php in Zeile 132

2021-07-10T16:51:18+00:00 CRITICAL syntax error, unexpected 'echo' (T_ECHO) in /var/www/vhosts/hosting145815.a2e97.netcup.net/marlutebackup2/wp-content/themes/marlute/functions.php in Zeile 132

2021-07-10T16:54:09+00:00 CRITICAL syntax error, unexpected 'echo' (T_ECHO) in /var/www/vhosts/hosting145815.a2e97.netcup.net/marlutebackup2/wp-content/themes/marlute/functions.php in Zeile 132

2021-07-10T16:54:10+00:00 CRITICAL syntax error, unexpected 'echo' (T_ECHO) in /var/www/vhosts/hosting145815.a2e97.netcup.net/marlutebackup2/wp-content/themes/marlute/functions.php in Zeile 132

2021-07-10T16:54:11+00:00 CRITICAL syntax error, unexpected 'echo' (T_ECHO) in /var/www/vhosts/hosting145815.a2e97.netcup.net/marlutebackup2/wp-content/themes/marlute/functions.php in Zeile 132

2021-07-10T16:54:21+00:00 CRITICAL syntax error, unexpected 'echo' (T_ECHO) in /var/www/vhosts/hosting145815.a2e97.netcup.net/marlutebackup2/wp-content/themes/marlute/functions.php in Zeile 132

2021-07-10T16:57:42+00:00 CRITICAL syntax error, unexpected 'echo' (T_ECHO) in /var/www/vhosts/hosting145815.a2e97.netcup.net/marlutebackup2/wp-content/themes/marlute/functions.php in Zeile 132

2021-07-10T16:57:43+00:00 CRITICAL syntax error, unexpected 'echo' (T_ECHO) in /var/www/vhosts/hosting145815.a2e97.netcup.net/marlutebackup2/wp-content/themes/marlute/functions.php in Zeile 132

2021-07-10T16:58:21+00:00 CRITICAL syntax error, unexpected 'echo' (T_ECHO) in /var/www/vhosts/hosting145815.a2e97.netcup.net/marlutebackup2/wp-content/themes/marlute/functions.php in Zeile 132

2021-07-10T16:59:26+00:00 CRITICAL syntax error, unexpected 'echo' (T_ECHO) in /var/www/vhosts/hosting145815.a2e97.netcup.net/marlutebackup2/wp-content/themes/marlute/functions.php in Zeile 132

2021-07-10T16:59:32+00:00 CRITICAL syntax error, unexpected 'echo' (T_ECHO) in /var/www/vhosts/hosting145815.a2e97.netcup.net/marlutebackup2/wp-content/themes/marlute/functions.php in Zeile 132

2021-07-10T17:02:15+00:00 CRITICAL syntax error, unexpected 'echo' (T_ECHO) in /var/www/vhosts/hosting145815.a2e97.netcup.net/marlutebackup2/wp-content/themes/marlute/functions.php in Zeile 132

2021-07-10T17:05:05+00:00 CRITICAL syntax error, unexpected 'echo' (T_ECHO) in /var/www/vhosts/hosting145815.a2e97.netcup.net/marlutebackup2/wp-content/themes/marlute/functions.php in Zeile 132

2021-07-10T17:07:16+00:00 CRITICAL syntax error, unexpected 'echo' (T_ECHO) in /var/www/vhosts/hosting145815.a2e97.netcup.net/marlutebackup2/wp-content/themes/marlute/functions.php in Zeile 132

2021-07-10T17:08:05+00:00 CRITICAL syntax error, unexpected 'echo' (T_ECHO) in /var/www/vhosts/hosting145815.a2e97.netcup.net/marlutebackup2/wp-content/themes/marlute/functions.php in Zeile 132

2021-07-10T17:11:54+00:00 CRITICAL syntax error, unexpected 'echo' (T_ECHO) in /var/www/vhosts/hosting145815.a2e97.netcup.net/marlutebackup2/wp-content/themes/marlute/functions.php in Zeile 132

2021-07-10T17:11:55+00:00 CRITICAL syntax error, unexpected 'echo' (T_ECHO) in /var/www/vhosts/hosting145815.a2e97.netcup.net/marlutebackup2/wp-content/themes/marlute/functions.php in Zeile 132

2021-07-10T17:12:03+00:00 CRITICAL syntax error, unexpected 'echo' (T_ECHO) in /var/www/vhosts/hosting145815.a2e97.netcup.net/marlutebackup2/wp-content/themes/marlute/functions.php in Zeile 132

2021-07-10T17:12:03+00:00 CRITICAL syntax error, unexpected 'echo' (T_ECHO) in /var/www/vhosts/hosting145815.a2e97.netcup.net/marlutebackup2/wp-content/themes/marlute/functions.php in Zeile 132

2021-07-10T17:12:09+00:00 CRITICAL syntax error, unexpected 'echo' (T_ECHO) in /var/www/vhosts/hosting145815.a2e97.netcup.net/marlutebackup2/wp-content/themes/marlute/functions.php in Zeile 132

2021-07-10T17:12:09+00:00 CRITICAL syntax error, unexpected 'echo' (T_ECHO) in /var/www/vhosts/hosting145815.a2e97.netcup.net/marlutebackup2/wp-content/themes/marlute/functions.php in Zeile 132

2021-07-10T17:14:53+00:00 CRITICAL syntax error, unexpected 'echo' (T_ECHO) in /var/www/vhosts/hosting145815.a2e97.netcup.net/marlutebackup2/wp-content/themes/marlute/functions.php in Zeile 132

2021-07-10T17:14:53+00:00 CRITICAL syntax error, unexpected 'echo' (T_ECHO) in /var/www/vhosts/hosting145815.a2e97.netcup.net/marlutebackup2/wp-content/themes/marlute/functions.php in Zeile 132

2021-07-10T17:15:04+00:00 CRITICAL syntax error, unexpected 'echo' (T_ECHO) in /var/www/vhosts/hosting145815.a2e97.netcup.net/marlutebackup2/wp-content/themes/marlute/functions.php in Zeile 132

2021-07-10T17:15:04+00:00 CRITICAL syntax error, unexpected 'echo' (T_ECHO) in /var/www/vhosts/hosting145815.a2e97.netcup.net/marlutebackup2/wp-content/themes/marlute/functions.php in Zeile 132

2021-07-10T17:15:31+00:00 CRITICAL syntax error, unexpected 'echo' (T_ECHO) in /var/www/vhosts/hosting145815.a2e97.netcup.net/marlutebackup2/wp-content/themes/marlute/functions.php in Zeile 132

2021-07-10T17:15:31+00:00 CRITICAL syntax error, unexpected 'echo' (T_ECHO) in /var/www/vhosts/hosting145815.a2e97.netcup.net/marlutebackup2/wp-content/themes/marlute/functions.php in Zeile 132

2021-07-10T17:15:32+00:00 CRITICAL syntax error, unexpected 'echo' (T_ECHO) in /var/www/vhosts/hosting145815.a2e97.netcup.net/marlutebackup2/wp-content/themes/marlute/functions.php in Zeile 132

2021-07-10T17:27:17+00:00 CRITICAL syntax error, unexpected 'echo' (T_ECHO) in /var/www/vhosts/hosting145815.a2e97.netcup.net/marlutebackup2/wp-content/themes/marlute/functions.php in Zeile 132

2021-07-10T17:30:18+00:00 CRITICAL syntax error, unexpected 'echo' (T_ECHO) in /var/www/vhosts/hosting145815.a2e97.netcup.net/marlutebackup2/wp-content/themes/marlute/functions.php in Zeile 132

2021-07-10T17:33:43+00:00 CRITICAL syntax error, unexpected 'echo' (T_ECHO) in /var/www/vhosts/hosting145815.a2e97.netcup.net/marlutebackup2/wp-content/themes/marlute/functions.php in Zeile 132

2021-07-10T17:34:30+00:00 CRITICAL syntax error, unexpected 'echo' (T_ECHO) in /var/www/vhosts/hosting145815.a2e97.netcup.net/marlutebackup2/wp-content/themes/marlute/functions.php in Zeile 132

2021-07-10T17:34:30+00:00 CRITICAL syntax error, unexpected 'echo' (T_ECHO) in /var/www/vhosts/hosting145815.a2e97.netcup.net/marlutebackup2/wp-content/themes/marlute/functions.php in Zeile 132

2021-07-10T17:37:13+00:00 CRITICAL syntax error, unexpected 'echo' (T_ECHO) in /var/www/vhosts/hosting145815.a2e97.netcup.net/marlutebackup2/wp-content/themes/marlute/functions.php in Zeile 132

2021-07-10T17:39:53+00:00 CRITICAL syntax error, unexpected 'echo' (T_ECHO) in /var/www/vhosts/hosting145815.a2e97.netcup.net/marlutebackup2/wp-content/themes/marlute/functions.php in Zeile 132

2021-07-10T17:42:43+00:00 CRITICAL syntax error, unexpected 'echo' (T_ECHO) in /var/www/vhosts/hosting145815.a2e97.netcup.net/marlutebackup2/wp-content/themes/marlute/functions.php in Zeile 132

2021-07-10T17:46:27+00:00 CRITICAL syntax error, unexpected 'echo' (T_ECHO) in /var/www/vhosts/hosting145815.a2e97.netcup.net/marlutebackup2/wp-content/themes/marlute/functions.php in Zeile 132

2021-07-10T17:50:22+00:00 CRITICAL syntax error, unexpected 'echo' (T_ECHO) in /var/www/vhosts/hosting145815.a2e97.netcup.net/marlutebackup2/wp-content/themes/marlute/functions.php in Zeile 132

2021-07-10T17:50:22+00:00 CRITICAL syntax error, unexpected 'echo' (T_ECHO) in /var/www/vhosts/hosting145815.a2e97.netcup.net/marlutebackup2/wp-content/themes/marlute/functions.php in Zeile 132

2021-07-10T17:50:23+00:00 CRITICAL syntax error, unexpected 'echo' (T_ECHO) in /var/www/vhosts/hosting145815.a2e97.netcup.net/marlutebackup2/wp-content/themes/marlute/functions.php in Zeile 132

2021-07-10T17:50:23+00:00 CRITICAL syntax error, unexpected 'echo' (T_ECHO) in /var/www/vhosts/hosting145815.a2e97.netcup.net/marlutebackup2/wp-content/themes/marlute/functions.php in Zeile 132

2021-07-10T17:50:23+00:00 CRITICAL syntax error, unexpected 'echo' (T_ECHO) in /var/www/vhosts/hosting145815.a2e97.netcup.net/marlutebackup2/wp-content/themes/marlute/functions.php in Zeile 132

2021-07-10T17:55:09+00:00 CRITICAL syntax error, unexpected 'echo' (T_ECHO) in /var/www/vhosts/hosting145815.a2e97.netcup.net/marlutebackup2/wp-content/themes/marlute/functions.php in Zeile 132

2021-07-10T17:55:09+00:00 CRITICAL syntax error, unexpected 'echo' (T_ECHO) in /var/www/vhosts/hosting145815.a2e97.netcup.net/marlutebackup2/wp-content/themes/marlute/functions.php in Zeile 132

2021-07-10T17:57:30+00:00 CRITICAL syntax error, unexpected 'echo' (T_ECHO) in /var/www/vhosts/hosting145815.a2e97.netcup.net/marlutebackup2/wp-content/themes/marlute/functions.php in Zeile 132

2021-07-10T17:57:31+00:00 CRITICAL syntax error, unexpected 'echo' (T_ECHO) in /var/www/vhosts/hosting145815.a2e97.netcup.net/marlutebackup2/wp-content/themes/marlute/functions.php in Zeile 132

2021-07-10T18:01:30+00:00 CRITICAL syntax error, unexpected 'echo' (T_ECHO) in /var/www/vhosts/hosting145815.a2e97.netcup.net/marlutebackup2/wp-content/themes/marlute/functions.php in Zeile 132

2021-07-10T18:04:53+00:00 CRITICAL syntax error, unexpected 'echo' (T_ECHO) in /var/www/vhosts/hosting145815.a2e97.netcup.net/marlutebackup2/wp-content/themes/marlute/functions.php in Zeile 132

2021-07-10T18:06:44+00:00 CRITICAL syntax error, unexpected 'echo' (T_ECHO) in /var/www/vhosts/hosting145815.a2e97.netcup.net/marlutebackup2/wp-content/themes/marlute/functions.php in Zeile 132

2021-07-10T18:11:04+00:00 CRITICAL syntax error, unexpected 'echo' (T_ECHO) in /var/www/vhosts/hosting145815.a2e97.netcup.net/marlutebackup2/wp-content/themes/marlute/functions.php in Zeile 132

2021-07-10T18:14:03+00:00 CRITICAL syntax error, unexpected 'echo' (T_ECHO) in /var/www/vhosts/hosting145815.a2e97.netcup.net/marlutebackup2/wp-content/themes/marlute/functions.php in Zeile 132

2021-07-10T18:16:50+00:00 CRITICAL syntax error, unexpected 'echo' (T_ECHO) in /var/www/vhosts/hosting145815.a2e97.netcup.net/marlutebackup2/wp-content/themes/marlute/functions.php in Zeile 132

2021-07-10T18:20:12+00:00 CRITICAL syntax error, unexpected 'echo' (T_ECHO) in /var/www/vhosts/hosting145815.a2e97.netcup.net/marlutebackup2/wp-content/themes/marlute/functions.php in Zeile 132

2021-07-10T18:20:29+00:00 CRITICAL syntax error, unexpected 'echo' (T_ECHO) in /var/www/vhosts/hosting145815.a2e97.netcup.net/marlutebackup2/wp-content/themes/marlute/functions.php in Zeile 132

2021-07-10T18:23:04+00:00 CRITICAL syntax error, unexpected 'echo' (T_ECHO) in /var/www/vhosts/hosting145815.a2e97.netcup.net/marlutebackup2/wp-content/themes/marlute/functions.php in Zeile 132

2021-07-10T18:26:48+00:00 CRITICAL syntax error, unexpected 'echo' (T_ECHO) in /var/www/vhosts/hosting145815.a2e97.netcup.net/marlutebackup2/wp-content/themes/marlute/functions.php in Zeile 132

2021-07-10T18:32:22+00:00 CRITICAL syntax error, unexpected 'echo' (T_ECHO) in /var/www/vhosts/hosting145815.a2e97.netcup.net/marlutebackup2/wp-content/themes/marlute/functions.php in Zeile 132

2021-07-10T18:36:27+00:00 CRITICAL syntax error, unexpected 'echo' (T_ECHO) in /var/www/vhosts/hosting145815.a2e97.netcup.net/marlutebackup2/wp-content/themes/marlute/functions.php in Zeile 132

2021-07-10T18:40:58+00:00 CRITICAL syntax error, unexpected 'echo' (T_ECHO) in /var/www/vhosts/hosting145815.a2e97.netcup.net/marlutebackup2/wp-content/themes/marlute/functions.php in Zeile 132

2021-07-10T18:56:25+00:00 CRITICAL syntax error, unexpected 'echo' (T_ECHO) in /var/www/vhosts/hosting145815.a2e97.netcup.net/marlutebackup2/wp-content/themes/marlute/functions.php in Zeile 132

2021-07-10T18:56:25+00:00 CRITICAL syntax error, unexpected 'echo' (T_ECHO) in /var/www/vhosts/hosting145815.a2e97.netcup.net/marlutebackup2/wp-content/themes/marlute/functions.php in Zeile 132

2021-07-10T19:00:52+00:00 CRITICAL syntax error, unexpected 'echo' (T_ECHO) in /var/www/vhosts/hosting145815.a2e97.netcup.net/marlutebackup2/wp-content/themes/marlute/functions.php in Zeile 132

2021-07-10T19:03:43+00:00 CRITICAL syntax error, unexpected 'echo' (T_ECHO) in /var/www/vhosts/hosting145815.a2e97.netcup.net/marlutebackup2/wp-content/themes/marlute/functions.php in Zeile 132

2021-07-10T19:06:42+00:00 CRITICAL syntax error, unexpected 'echo' (T_ECHO) in /var/www/vhosts/hosting145815.a2e97.netcup.net/marlutebackup2/wp-content/themes/marlute/functions.php in Zeile 132

2021-07-10T19:11:30+00:00 CRITICAL syntax error, unexpected 'echo' (T_ECHO) in /var/www/vhosts/hosting145815.a2e97.netcup.net/marlutebackup2/wp-content/themes/marlute/functions.php in Zeile 132

2021-07-10T19:13:07+00:00 CRITICAL syntax error, unexpected 'echo' (T_ECHO) in /var/www/vhosts/hosting145815.a2e97.netcup.net/marlutebackup2/wp-content/themes/marlute/functions.php in Zeile 132

2021-07-10T19:18:07+00:00 CRITICAL syntax error, unexpected 'echo' (T_ECHO) in /var/www/vhosts/hosting145815.a2e97.netcup.net/marlutebackup2/wp-content/themes/marlute/functions.php in Zeile 132

2021-07-10T19:21:37+00:00 CRITICAL syntax error, unexpected 'echo' (T_ECHO) in /var/www/vhosts/hosting145815.a2e97.netcup.net/marlutebackup2/wp-content/themes/marlute/functions.php in Zeile 132

2021-07-10T19:25:24+00:00 CRITICAL syntax error, unexpected 'echo' (T_ECHO) in /var/www/vhosts/hosting145815.a2e97.netcup.net/marlutebackup2/wp-content/themes/marlute/functions.php in Zeile 132

2021-07-10T19:29:09+00:00 CRITICAL syntax error, unexpected 'echo' (T_ECHO) in /var/www/vhosts/hosting145815.a2e97.netcup.net/marlutebackup2/wp-content/themes/marlute/functions.php in Zeile 132

2021-07-10T19:29:11+00:00 CRITICAL syntax error, unexpected 'echo' (T_ECHO) in /var/www/vhosts/hosting145815.a2e97.netcup.net/marlutebackup2/wp-content/themes/marlute/functions.php in Zeile 132

2021-07-10T19:31:40+00:00 CRITICAL syntax error, unexpected 'echo' (T_ECHO) in /var/www/vhosts/hosting145815.a2e97.netcup.net/marlutebackup2/wp-content/themes/marlute/functions.php in Zeile 132

2021-07-10T19:34:43+00:00 CRITICAL syntax error, unexpected 'echo' (T_ECHO) in /var/www/vhosts/hosting145815.a2e97.netcup.net/marlutebackup2/wp-content/themes/marlute/functions.php in Zeile 132

2021-07-10T19:41:20+00:00 CRITICAL syntax error, unexpected 'echo' (T_ECHO) in /var/www/vhosts/hosting145815.a2e97.netcup.net/marlutebackup2/wp-content/themes/marlute/functions.php in Zeile 132

2021-07-10T19:44:40+00:00 CRITICAL syntax error, unexpected 'echo' (T_ECHO) in /var/www/vhosts/hosting145815.a2e97.netcup.net/marlutebackup2/wp-content/themes/marlute/functions.php in Zeile 132

2021-07-10T19:47:25+00:00 CRITICAL syntax error, unexpected 'echo' (T_ECHO) in /var/www/vhosts/hosting145815.a2e97.netcup.net/marlutebackup2/wp-content/themes/marlute/functions.php in Zeile 132

2021-07-10T19:49:09+00:00 CRITICAL syntax error, unexpected 'echo' (T_ECHO) in /var/www/vhosts/hosting145815.a2e97.netcup.net/marlutebackup2/wp-content/themes/marlute/functions.php in Zeile 132

2021-07-10T19:53:19+00:00 CRITICAL syntax error, unexpected 'echo' (T_ECHO) in /var/www/vhosts/hosting145815.a2e97.netcup.net/marlutebackup2/wp-content/themes/marlute/functions.php in Zeile 132

2021-07-10T19:55:22+00:00 CRITICAL syntax error, unexpected 'echo' (T_ECHO) in /var/www/vhosts/hosting145815.a2e97.netcup.net/marlutebackup2/wp-content/themes/marlute/functions.php in Zeile 132

2021-07-10T19:57:51+00:00 CRITICAL syntax error, unexpected 'echo' (T_ECHO) in /var/www/vhosts/hosting145815.a2e97.netcup.net/marlutebackup2/wp-content/themes/marlute/functions.php in Zeile 132

2021-07-10T20:00:04+00:00 CRITICAL syntax error, unexpected 'echo' (T_ECHO) in /var/www/vhosts/hosting145815.a2e97.netcup.net/marlutebackup2/wp-content/themes/marlute/functions.php in Zeile 132

2021-07-10T20:03:06+00:00 CRITICAL syntax error, unexpected 'echo' (T_ECHO) in /var/www/vhosts/hosting145815.a2e97.netcup.net/marlutebackup2/wp-content/themes/marlute/functions.php in Zeile 132

2021-07-10T20:06:13+00:00 CRITICAL syntax error, unexpected 'echo' (T_ECHO) in /var/www/vhosts/hosting145815.a2e97.netcup.net/marlutebackup2/wp-content/themes/marlute/functions.php in Zeile 132

2021-07-10T20:08:29+00:00 CRITICAL syntax error, unexpected 'echo' (T_ECHO) in /var/www/vhosts/hosting145815.a2e97.netcup.net/marlutebackup2/wp-content/themes/marlute/functions.php in Zeile 132

2021-07-10T20:11:19+00:00 CRITICAL syntax error, unexpected 'echo' (T_ECHO) in /var/www/vhosts/hosting145815.a2e97.netcup.net/marlutebackup2/wp-content/themes/marlute/functions.php in Zeile 132

2021-07-10T20:15:05+00:00 CRITICAL syntax error, unexpected 'echo' (T_ECHO) in /var/www/vhosts/hosting145815.a2e97.netcup.net/marlutebackup2/wp-content/themes/marlute/functions.php in Zeile 132

2021-07-10T20:18:02+00:00 CRITICAL syntax error, unexpected 'echo' (T_ECHO) in /var/www/vhosts/hosting145815.a2e97.netcup.net/marlutebackup2/wp-content/themes/marlute/functions.php in Zeile 132

2021-07-10T20:20:59+00:00 CRITICAL syntax error, unexpected 'echo' (T_ECHO) in /var/www/vhosts/hosting145815.a2e97.netcup.net/marlutebackup2/wp-content/themes/marlute/functions.php in Zeile 132

2021-07-10T20:23:44+00:00 CRITICAL syntax error, unexpected 'echo' (T_ECHO) in /var/www/vhosts/hosting145815.a2e97.netcup.net/marlutebackup2/wp-content/themes/marlute/functions.php in Zeile 132

2021-07-10T20:27:02+00:00 CRITICAL syntax error, unexpected 'echo' (T_ECHO) in /var/www/vhosts/hosting145815.a2e97.netcup.net/marlutebackup2/wp-content/themes/marlute/functions.php in Zeile 132

2021-07-10T20:30:35+00:00 CRITICAL syntax error, unexpected 'echo' (T_ECHO) in /var/www/vhosts/hosting145815.a2e97.netcup.net/marlutebackup2/wp-content/themes/marlute/functions.php in Zeile 132

2021-07-10T20:30:35+00:00 CRITICAL syntax error, unexpected 'echo' (T_ECHO) in /var/www/vhosts/hosting145815.a2e97.netcup.net/marlutebackup2/wp-content/themes/marlute/functions.php in Zeile 132

2021-07-10T20:33:04+00:00 CRITICAL syntax error, unexpected 'echo' (T_ECHO) in /var/www/vhosts/hosting145815.a2e97.netcup.net/marlutebackup2/wp-content/themes/marlute/functions.php in Zeile 132

2021-07-10T20:34:59+00:00 CRITICAL syntax error, unexpected 'echo' (T_ECHO) in /var/www/vhosts/hosting145815.a2e97.netcup.net/marlutebackup2/wp-content/themes/marlute/functions.php in Zeile 132

2021-07-10T20:37:53+00:00 CRITICAL syntax error, unexpected 'echo' (T_ECHO) in /var/www/vhosts/hosting145815.a2e97.netcup.net/marlutebackup2/wp-content/themes/marlute/functions.php in Zeile 132

2021-07-10T20:40:10+00:00 CRITICAL syntax error, unexpected 'echo' (T_ECHO) in /var/www/vhosts/hosting145815.a2e97.netcup.net/marlutebackup2/wp-content/themes/marlute/functions.php in Zeile 132

2021-07-10T20:44:09+00:00 CRITICAL syntax error, unexpected 'echo' (T_ECHO) in /var/www/vhosts/hosting145815.a2e97.netcup.net/marlutebackup2/wp-content/themes/marlute/functions.php in Zeile 132

2021-07-10T20:46:11+00:00 CRITICAL syntax error, unexpected 'echo' (T_ECHO) in /var/www/vhosts/hosting145815.a2e97.netcup.net/marlutebackup2/wp-content/themes/marlute/functions.php in Zeile 132

2021-07-10T20:48:19+00:00 CRITICAL syntax error, unexpected 'echo' (T_ECHO) in /var/www/vhosts/hosting145815.a2e97.netcup.net/marlutebackup2/wp-content/themes/marlute/functions.php in Zeile 132

2021-07-10T20:50:53+00:00 CRITICAL syntax error, unexpected 'echo' (T_ECHO) in /var/www/vhosts/hosting145815.a2e97.netcup.net/marlutebackup2/wp-content/themes/marlute/functions.php in Zeile 132

2021-07-10T20:56:31+00:00 CRITICAL syntax error, unexpected 'echo' (T_ECHO) in /var/www/vhosts/hosting145815.a2e97.netcup.net/marlutebackup2/wp-content/themes/marlute/functions.php in Zeile 132

2021-07-10T21:01:14+00:00 CRITICAL syntax error, unexpected 'echo' (T_ECHO) in /var/www/vhosts/hosting145815.a2e97.netcup.net/marlutebackup2/wp-content/themes/marlute/functions.php in Zeile 132

2021-07-10T21:02:52+00:00 CRITICAL syntax error, unexpected 'echo' (T_ECHO) in /var/www/vhosts/hosting145815.a2e97.netcup.net/marlutebackup2/wp-content/themes/marlute/functions.php in Zeile 132

2021-07-10T21:11:24+00:00 CRITICAL syntax error, unexpected 'echo' (T_ECHO) in /var/www/vhosts/hosting145815.a2e97.netcup.net/marlutebackup2/wp-content/themes/marlute/functions.php in Zeile 132

2021-07-10T21:14:55+00:00 CRITICAL syntax error, unexpected 'echo' (T_ECHO) in /var/www/vhosts/hosting145815.a2e97.netcup.net/marlutebackup2/wp-content/themes/marlute/functions.php in Zeile 132

2021-07-10T21:18:01+00:00 CRITICAL syntax error, unexpected 'echo' (T_ECHO) in /var/www/vhosts/hosting145815.a2e97.netcup.net/marlutebackup2/wp-content/themes/marlute/functions.php in Zeile 132

2021-07-10T21:22:57+00:00 CRITICAL syntax error, unexpected 'echo' (T_ECHO) in /var/www/vhosts/hosting145815.a2e97.netcup.net/marlutebackup2/wp-content/themes/marlute/functions.php in Zeile 132

2021-07-10T21:24:15+00:00 CRITICAL syntax error, unexpected 'echo' (T_ECHO) in /var/www/vhosts/hosting145815.a2e97.netcup.net/marlutebackup2/wp-content/themes/marlute/functions.php in Zeile 132

2021-07-10T21:25:38+00:00 CRITICAL syntax error, unexpected 'echo' (T_ECHO) in /var/www/vhosts/hosting145815.a2e97.netcup.net/marlutebackup2/wp-content/themes/marlute/functions.php in Zeile 132

2021-07-10T21:27:21+00:00 CRITICAL syntax error, unexpected 'echo' (T_ECHO) in /var/www/vhosts/hosting145815.a2e97.netcup.net/marlutebackup2/wp-content/themes/marlute/functions.php in Zeile 132

2021-07-10T21:28:55+00:00 CRITICAL syntax error, unexpected 'echo' (T_ECHO) in /var/www/vhosts/hosting145815.a2e97.netcup.net/marlutebackup2/wp-content/themes/marlute/functions.php in Zeile 132

2021-07-10T21:32:30+00:00 CRITICAL syntax error, unexpected 'echo' (T_ECHO) in /var/www/vhosts/hosting145815.a2e97.netcup.net/marlutebackup2/wp-content/themes/marlute/functions.php in Zeile 132

2021-07-10T21:32:30+00:00 CRITICAL syntax error, unexpected 'echo' (T_ECHO) in /var/www/vhosts/hosting145815.a2e97.netcup.net/marlutebackup2/wp-content/themes/marlute/functions.php in Zeile 132

2021-07-10T21:35:14+00:00 CRITICAL syntax error, unexpected 'echo' (T_ECHO) in /var/www/vhosts/hosting145815.a2e97.netcup.net/marlutebackup2/wp-content/themes/marlute/functions.php in Zeile 132

2021-07-10T21:36:19+00:00 CRITICAL syntax error, unexpected 'echo' (T_ECHO) in /var/www/vhosts/hosting145815.a2e97.netcup.net/marlutebackup2/wp-content/themes/marlute/functions.php in Zeile 132

2021-07-10T21:39:51+00:00 CRITICAL syntax error, unexpected 'echo' (T_ECHO) in /var/www/vhosts/hosting145815.a2e97.netcup.net/marlutebackup2/wp-content/themes/marlute/functions.php in Zeile 132

2021-07-10T21:41:02+00:00 CRITICAL syntax error, unexpected 'echo' (T_ECHO) in /var/www/vhosts/hosting145815.a2e97.netcup.net/marlutebackup2/wp-content/themes/marlute/functions.php in Zeile 132

2021-07-10T21:44:09+00:00 CRITICAL syntax error, unexpected 'echo' (T_ECHO) in /var/www/vhosts/hosting145815.a2e97.netcup.net/marlutebackup2/wp-content/themes/marlute/functions.php in Zeile 132

2021-07-10T21:47:21+00:00 CRITICAL syntax error, unexpected 'echo' (T_ECHO) in /var/www/vhosts/hosting145815.a2e97.netcup.net/marlutebackup2/wp-content/themes/marlute/functions.php in Zeile 132

2021-07-10T21:50:05+00:00 CRITICAL syntax error, unexpected 'echo' (T_ECHO) in /var/www/vhosts/hosting145815.a2e97.netcup.net/marlutebackup2/wp-content/themes/marlute/functions.php in Zeile 132

2021-07-10T21:51:06+00:00 CRITICAL syntax error, unexpected 'echo' (T_ECHO) in /var/www/vhosts/hosting145815.a2e97.netcup.net/marlutebackup2/wp-content/themes/marlute/functions.php in Zeile 132

2021-07-10T21:53:12+00:00 CRITICAL syntax error, unexpected 'echo' (T_ECHO) in /var/www/vhosts/hosting145815.a2e97.netcup.net/marlutebackup2/wp-content/themes/marlute/functions.php in Zeile 132

2021-07-10T21:56:55+00:00 CRITICAL syntax error, unexpected 'echo' (T_ECHO) in /var/www/vhosts/hosting145815.a2e97.netcup.net/marlutebackup2/wp-content/themes/marlute/functions.php in Zeile 132

2021-07-10T21:58:21+00:00 CRITICAL syntax error, unexpected 'echo' (T_ECHO) in /var/www/vhosts/hosting145815.a2e97.netcup.net/marlutebackup2/wp-content/themes/marlute/functions.php in Zeile 132

2021-07-10T21:59:21+00:00 CRITICAL syntax error, unexpected 'echo' (T_ECHO) in /var/www/vhosts/hosting145815.a2e97.netcup.net/marlutebackup2/wp-content/themes/marlute/functions.php in Zeile 132

2021-07-10T22:01:49+00:00 CRITICAL syntax error, unexpected 'echo' (T_ECHO) in /var/www/vhosts/hosting145815.a2e97.netcup.net/marlutebackup2/wp-content/themes/marlute/functions.php in Zeile 132

2021-07-10T22:06:03+00:00 CRITICAL syntax error, unexpected 'echo' (T_ECHO) in /var/www/vhosts/hosting145815.a2e97.netcup.net/marlutebackup2/wp-content/themes/marlute/functions.php in Zeile 132

2021-07-10T22:06:06+00:00 CRITICAL syntax error, unexpected 'echo' (T_ECHO) in /var/www/vhosts/hosting145815.a2e97.netcup.net/marlutebackup2/wp-content/themes/marlute/functions.php in Zeile 132

2021-07-10T22:08:35+00:00 CRITICAL syntax error, unexpected 'echo' (T_ECHO) in /var/www/vhosts/hosting145815.a2e97.netcup.net/marlutebackup2/wp-content/themes/marlute/functions.php in Zeile 132

2021-07-10T22:09:39+00:00 CRITICAL syntax error, unexpected 'echo' (T_ECHO) in /var/www/vhosts/hosting145815.a2e97.netcup.net/marlutebackup2/wp-content/themes/marlute/functions.php in Zeile 132

2021-07-10T22:10:59+00:00 CRITICAL syntax error, unexpected 'echo' (T_ECHO) in /var/www/vhosts/hosting145815.a2e97.netcup.net/marlutebackup2/wp-content/themes/marlute/functions.php in Zeile 132

2021-07-10T22:13:20+00:00 CRITICAL syntax error, unexpected 'echo' (T_ECHO) in /var/www/vhosts/hosting145815.a2e97.netcup.net/marlutebackup2/wp-content/themes/marlute/functions.php in Zeile 132

2021-07-10T22:14:15+00:00 CRITICAL syntax error, unexpected 'echo' (T_ECHO) in /var/www/vhosts/hosting145815.a2e97.netcup.net/marlutebackup2/wp-content/themes/marlute/functions.php in Zeile 132

2021-07-10T22:17:29+00:00 CRITICAL syntax error, unexpected 'echo' (T_ECHO) in /var/www/vhosts/hosting145815.a2e97.netcup.net/marlutebackup2/wp-content/themes/marlute/functions.php in Zeile 132

2021-07-10T22:20:59+00:00 CRITICAL syntax error, unexpected 'echo' (T_ECHO) in /var/www/vhosts/hosting145815.a2e97.netcup.net/marlutebackup2/wp-content/themes/marlute/functions.php in Zeile 132

2021-07-10T22:23:50+00:00 CRITICAL syntax error, unexpected 'echo' (T_ECHO) in /var/www/vhosts/hosting145815.a2e97.netcup.net/marlutebackup2/wp-content/themes/marlute/functions.php in Zeile 132

2021-07-10T22:26:34+00:00 CRITICAL syntax error, unexpected 'echo' (T_ECHO) in /var/www/vhosts/hosting145815.a2e97.netcup.net/marlutebackup2/wp-content/themes/marlute/functions.php in Zeile 132

2021-07-10T22:30:20+00:00 CRITICAL syntax error, unexpected 'echo' (T_ECHO) in /var/www/vhosts/hosting145815.a2e97.netcup.net/marlutebackup2/wp-content/themes/marlute/functions.php in Zeile 132

2021-07-10T22:33:17+00:00 CRITICAL syntax error, unexpected 'echo' (T_ECHO) in /var/www/vhosts/hosting145815.a2e97.netcup.net/marlutebackup2/wp-content/themes/marlute/functions.php in Zeile 132

2021-07-10T22:33:21+00:00 CRITICAL syntax error, unexpected 'echo' (T_ECHO) in /var/www/vhosts/hosting145815.a2e97.netcup.net/marlutebackup2/wp-content/themes/marlute/functions.php in Zeile 132

2021-07-10T22:36:21+00:00 CRITICAL syntax error, unexpected 'echo' (T_ECHO) in /var/www/vhosts/hosting145815.a2e97.netcup.net/marlutebackup2/wp-content/themes/marlute/functions.php in Zeile 132

2021-07-10T22:38:51+00:00 CRITICAL syntax error, unexpected 'echo' (T_ECHO) in /var/www/vhosts/hosting145815.a2e97.netcup.net/marlutebackup2/wp-content/themes/marlute/functions.php in Zeile 132

2021-07-10T22:41:28+00:00 CRITICAL syntax error, unexpected 'echo' (T_ECHO) in /var/www/vhosts/hosting145815.a2e97.netcup.net/marlutebackup2/wp-content/themes/marlute/functions.php in Zeile 132

2021-07-10T22:44:45+00:00 CRITICAL syntax error, unexpected 'echo' (T_ECHO) in /var/www/vhosts/hosting145815.a2e97.netcup.net/marlutebackup2/wp-content/themes/marlute/functions.php in Zeile 132

2021-07-10T22:49:29+00:00 CRITICAL syntax error, unexpected 'echo' (T_ECHO) in /var/www/vhosts/hosting145815.a2e97.netcup.net/marlutebackup2/wp-content/themes/marlute/functions.php in Zeile 132

2021-07-10T22:51:34+00:00 CRITICAL syntax error, unexpected 'echo' (T_ECHO) in /var/www/vhosts/hosting145815.a2e97.netcup.net/marlutebackup2/wp-content/themes/marlute/functions.php in Zeile 132

2021-07-10T22:55:43+00:00 CRITICAL syntax error, unexpected 'echo' (T_ECHO) in /var/www/vhosts/hosting145815.a2e97.netcup.net/marlutebackup2/wp-content/themes/marlute/functions.php in Zeile 132

2021-07-10T22:57:35+00:00 CRITICAL syntax error, unexpected 'echo' (T_ECHO) in /var/www/vhosts/hosting145815.a2e97.netcup.net/marlutebackup2/wp-content/themes/marlute/functions.php in Zeile 132

2021-07-10T22:58:37+00:00 CRITICAL syntax error, unexpected 'echo' (T_ECHO) in /var/www/vhosts/hosting145815.a2e97.netcup.net/marlutebackup2/wp-content/themes/marlute/functions.php in Zeile 132

2021-07-10T23:02:13+00:00 CRITICAL syntax error, unexpected 'echo' (T_ECHO) in /var/www/vhosts/hosting145815.a2e97.netcup.net/marlutebackup2/wp-content/themes/marlute/functions.php in Zeile 132

2021-07-10T23:05:11+00:00 CRITICAL syntax error, unexpected 'echo' (T_ECHO) in /var/www/vhosts/hosting145815.a2e97.netcup.net/marlutebackup2/wp-content/themes/marlute/functions.php in Zeile 132

2021-07-10T23:06:29+00:00 CRITICAL syntax error, unexpected 'echo' (T_ECHO) in /var/www/vhosts/hosting145815.a2e97.netcup.net/marlutebackup2/wp-content/themes/marlute/functions.php in Zeile 132

2021-07-10T23:06:30+00:00 CRITICAL syntax error, unexpected 'echo' (T_ECHO) in /var/www/vhosts/hosting145815.a2e97.netcup.net/marlutebackup2/wp-content/themes/marlute/functions.php in Zeile 132

2021-07-10T23:09:30+00:00 CRITICAL syntax error, unexpected 'echo' (T_ECHO) in /var/www/vhosts/hosting145815.a2e97.netcup.net/marlutebackup2/wp-content/themes/marlute/functions.php in Zeile 132

2021-07-10T23:12:07+00:00 CRITICAL syntax error, unexpected 'echo' (T_ECHO) in /var/www/vhosts/hosting145815.a2e97.netcup.net/marlutebackup2/wp-content/themes/marlute/functions.php in Zeile 132

2021-07-10T23:16:29+00:00 CRITICAL syntax error, unexpected 'echo' (T_ECHO) in /var/www/vhosts/hosting145815.a2e97.netcup.net/marlutebackup2/wp-content/themes/marlute/functions.php in Zeile 132

2021-07-10T23:19:54+00:00 CRITICAL syntax error, unexpected 'echo' (T_ECHO) in /var/www/vhosts/hosting145815.a2e97.netcup.net/marlutebackup2/wp-content/themes/marlute/functions.php in Zeile 132

2021-07-10T23:23:11+00:00 CRITICAL syntax error, unexpected 'echo' (T_ECHO) in /var/www/vhosts/hosting145815.a2e97.netcup.net/marlutebackup2/wp-content/themes/marlute/functions.php in Zeile 132

2021-07-10T23:24:25+00:00 CRITICAL syntax error, unexpected 'echo' (T_ECHO) in /var/www/vhosts/hosting145815.a2e97.netcup.net/marlutebackup2/wp-content/themes/marlute/functions.php in Zeile 132

2021-07-10T23:27:18+00:00 CRITICAL syntax error, unexpected 'echo' (T_ECHO) in /var/www/vhosts/hosting145815.a2e97.netcup.net/marlutebackup2/wp-content/themes/marlute/functions.php in Zeile 132

2021-07-10T23:28:26+00:00 CRITICAL syntax error, unexpected 'echo' (T_ECHO) in /var/www/vhosts/hosting145815.a2e97.netcup.net/marlutebackup2/wp-content/themes/marlute/functions.php in Zeile 132

2021-07-10T23:29:08+00:00 CRITICAL syntax error, unexpected 'echo' (T_ECHO) in /var/www/vhosts/hosting145815.a2e97.netcup.net/marlutebackup2/wp-content/themes/marlute/functions.php in Zeile 132

2021-07-10T23:32:28+00:00 CRITICAL syntax error, unexpected 'echo' (T_ECHO) in /var/www/vhosts/hosting145815.a2e97.netcup.net/marlutebackup2/wp-content/themes/marlute/functions.php in Zeile 132

2021-07-10T23:33:43+00:00 CRITICAL syntax error, unexpected 'echo' (T_ECHO) in /var/www/vhosts/hosting145815.a2e97.netcup.net/marlutebackup2/wp-content/themes/marlute/functions.php in Zeile 132

2021-07-10T23:35:23+00:00 CRITICAL syntax error, unexpected 'echo' (T_ECHO) in /var/www/vhosts/hosting145815.a2e97.netcup.net/marlutebackup2/wp-content/themes/marlute/functions.php in Zeile 132

2021-07-10T23:39:08+00:00 CRITICAL syntax error, unexpected 'echo' (T_ECHO) in /var/www/vhosts/hosting145815.a2e97.netcup.net/marlutebackup2/wp-content/themes/marlute/functions.php in Zeile 132

2021-07-10T23:40:00+00:00 CRITICAL syntax error, unexpected 'echo' (T_ECHO) in /var/www/vhosts/hosting145815.a2e97.netcup.net/marlutebackup2/wp-content/themes/marlute/functions.php in Zeile 132

2021-07-10T23:43:43+00:00 CRITICAL syntax error, unexpected 'echo' (T_ECHO) in /var/www/vhosts/hosting145815.a2e97.netcup.net/marlutebackup2/wp-content/themes/marlute/functions.php in Zeile 132

2021-07-10T23:46:07+00:00 CRITICAL syntax error, unexpected 'echo' (T_ECHO) in /var/www/vhosts/hosting145815.a2e97.netcup.net/marlutebackup2/wp-content/themes/marlute/functions.php in Zeile 132

2021-07-10T23:47:34+00:00 CRITICAL syntax error, unexpected 'echo' (T_ECHO) in /var/www/vhosts/hosting145815.a2e97.netcup.net/marlutebackup2/wp-content/themes/marlute/functions.php in Zeile 132

2021-07-10T23:48:34+00:00 CRITICAL syntax error, unexpected 'echo' (T_ECHO) in /var/www/vhosts/hosting145815.a2e97.netcup.net/marlutebackup2/wp-content/themes/marlute/functions.php in Zeile 132

2021-07-10T23:51:56+00:00 CRITICAL syntax error, unexpected 'echo' (T_ECHO) in /var/www/vhosts/hosting145815.a2e97.netcup.net/marlutebackup2/wp-content/themes/marlute/functions.php in Zeile 132

2021-07-10T23:53:11+00:00 CRITICAL syntax error, unexpected 'echo' (T_ECHO) in /var/www/vhosts/hosting145815.a2e97.netcup.net/marlutebackup2/wp-content/themes/marlute/functions.php in Zeile 132

2021-07-10T23:56:31+00:00 CRITICAL syntax error, unexpected 'echo' (T_ECHO) in /var/www/vhosts/hosting145815.a2e97.netcup.net/marlutebackup2/wp-content/themes/marlute/functions.php in Zeile 132

2021-07-10T23:58:18+00:00 CRITICAL syntax error, unexpected 'echo' (T_ECHO) in /var/www/vhosts/hosting145815.a2e97.netcup.net/marlutebackup2/wp-content/themes/marlute/functions.php in Zeile 132

